
*
***** S3Relay Start (@ 2025/09/03 20:43:20.259) >>>>>
*

[2025/09/03 20:43:20] 1 -- Initializing ...
[2025/09/03 20:43:20] 2 -- relay server startup
[2025/09/03 20:43:20] 3 -- gateway client create: 192.168.254.53
[2025/09/03 20:43:20] 4 -- host server startup
[2025/09/03 20:43:20] 5 -- tong server startup
[2025/09/03 20:43:20] 6 -- chat server startup
[2025/09/03 20:43:20] 7 -- SockThread start success
[2025/09/03 20:43:20] 8 -- tong database open ok!
[2025/09/03 20:43:20] 9 -- tongset init ok !
[2025/09/03 20:43:20] 10 -- Initialize OK
[2025/09/03 20:43:29] 11 -- host connect create: 192.168.254.53
[2025/09/03 20:43:29] 12 -- chat connect create: 192.168.254.53
[2025/09/03 20:43:29] 13 -- tong connect create: 192.168.254.53
[2025/09/03 20:45:08] 14 -- load someone: DienBaQUan
[2025/09/03 20:45:08] 15 -- player login: 1 [DienBaQUan] (35FEA8C0, 00000000)
[2025/09/03 20:45:08] 16 -- Query ChannelID: \S from (35FEA8C0, 00000000)
[2025/09/03 20:45:08] 17 -- Create Channel: <00000000> \S905881792
[2025/09/03 20:45:08] 18 -- Query ChannelID: 世界 from (35FEA8C0, 00000000)
[2025/09/03 20:45:08] 19 -- Query ChannelID: GM from (35FEA8C0, 00000000)
[2025/09/03 20:45:08] 20 -- Query ChannelID: \B from (35FEA8C0, 00000000)
[2025/09/03 20:45:08] 21 -- Create Channel: <00000001> \B905881792
[2025/09/03 20:45:08] 22 -- sync friend list: DienBaQUan (full)
[2025/09/03 20:45:08] 23 -- Subscribe Channel: 00000000 by (35FEA8C0,00000000)
[2025/09/03 20:45:08] 24 -- Subscribe Channel: 00000001 by (35FEA8C0,00000000)
[2025/09/03 20:46:20] 25 -- Destroy Channel: <00000000> \S905881792
[2025/09/03 20:46:20] 26 -- Destroy Channel: <00000001> \B905881792
[2025/09/03 20:46:20] 27 -- player logout: 1
[2025/09/03 22:25:24] 28 -- player login: 1 [DienBaQUan] (35FEA8C0, 00000001)
[2025/09/03 22:25:24] 29 -- Query ChannelID: \S from (35FEA8C0, 00000001)
[2025/09/03 22:25:24] 30 -- Create Channel: <00000002> \S905881792
[2025/09/03 22:25:24] 31 -- Query ChannelID: 世界 from (35FEA8C0, 00000001)
[2025/09/03 22:25:24] 32 -- Query ChannelID: GM from (35FEA8C0, 00000001)
[2025/09/03 22:25:24] 33 -- Query ChannelID: \B from (35FEA8C0, 00000001)
[2025/09/03 22:25:24] 34 -- Create Channel: <00000003> \B905881792
[2025/09/03 22:25:24] 35 -- sync friend list: DienBaQUan (full)
[2025/09/03 22:25:24] 36 -- Subscribe Channel: 00000002 by (35FEA8C0,00000001)
[2025/09/03 22:25:24] 37 -- Subscribe Channel: 00000003 by (35FEA8C0,00000001)
[2025/09/03 22:26:39] 38 -- tong connect close: 192.168.254.53
[2025/09/03 22:26:39] 39 -- chat connect close: 192.168.254.53
[2025/09/03 22:26:39] 40 -- host connect close: 192.168.254.53
[2025/09/03 22:27:18] 41 -- gateway client close: 192.168.254.53
[2025/09/03 22:27:30] 42 -- Uninitializing ...
[2025/09/03 22:27:30] 43 -- SockThread stop success
[2025/09/03 22:27:30] 44 -- chat server shutdown
[2025/09/03 22:27:30] 45 -- tong server shutdown
[2025/09/03 22:27:30] 46 -- host server shutdown
[2025/09/03 22:27:30] 47 -- relay server shutdown
[2025/09/03 22:27:30] 48 -- store someone: DienBaQUan
[2025/09/03 22:27:30] 49 -- Uninitialize OK

*
***** S3Relay Stop (@ 2025/09/03 22:27:30.138) <<<<<
*

