
*
***** 启动中转服务  (@ 2009/08/25 19:09:11.515) >>>>>
*

[2009/08/25 19:09:12] 1 -- 初始化       ...
[2009/08/25 19:09:12] 2 -- 建立频道      : [Stock, GM] <00000000> GM
[2009/08/25 19:09:12] 3 -- 建立频道      : [Stock] <00000001> 世界
[2009/08/25 19:09:12] 4 -- 定时刷新好友列表     db: 开始 
[2009/08/25 19:09:12] 5 -- 启动中转服务        
[2009/08/25 19:09:12] 6 -- 建立管理员客户端  : 192.168.1.88
[2009/08/25 19:09:12] 7 -- 建立数据库客户端    : 192.168.1.88
[2009/08/25 19:09:12] 8 -- 管理员客户端关闭 : 192.168.1.88
[2009/08/25 19:09:12] 9 -- gateway client create: 192.168.1.88
[2009/08/25 19:09:12] 10 -- 主服务启动         
[2009/08/25 19:09:12] 11 -- 启动帮派服务       
[2009/08/25 19:09:12] 12 -- 启动聊天服务       
[2009/08/25 19:09:12] 13 -- 正常线路启动成功        
[2009/08/25 19:09:12] 14 -- 打开帮派数据成功!     
[2009/08/25 19:09:12] 15 -- 初始化帮派设置成功!
[2009/08/25 19:09:12] 16 -- 初始化成功   
[2009/08/25 19:09:53] 17 -- 建立主机连接       : 192.168.1.88
[2009/08/25 19:09:53] 18 -- 建立聊天连接       : 192.168.1.88
[2009/08/25 19:09:53] 19 -- 建立帮派连接       : 192.168.1.88
[2009/08/25 19:14:17] 20 -- 刷新好友数据成功        
[2009/08/25 19:19:17] 21 -- 刷新好友数据成功        
[2009/08/25 19:24:17] 22 -- 刷新好友数据成功        
[2009/08/25 19:29:17] 23 -- 刷新好友数据成功        
[2009/08/25 19:34:17] 24 -- 刷新好友数据成功        
[2009/08/25 19:35:11] 25 -- 载入个别角色: yaosky
[2009/08/25 19:35:11] 26 -- 玩家登陆    : yaosky [yaosky] (5801A8C0, 00000000)
[2009/08/25 19:35:11] 27 -- 同步玩家好友列表: yaosky (full)
[2009/08/25 19:35:11] 28 -- 查询频道ID     : \S 来自 (5801A8C0, 00000000)
[2009/08/25 19:35:11] 29 -- Create Channel: <00000002> \S1476503744
[2009/08/25 19:35:11] 30 -- 查询频道ID     : 世界 来自 (5801A8C0, 00000000)
[2009/08/25 19:35:11] 31 -- 查询频道ID     : GM 来自 (5801A8C0, 00000000)
[2009/08/25 19:35:11] 32 -- 查询频道ID     : \B 来自 (5801A8C0, 00000000)
[2009/08/25 19:35:11] 33 -- Create Channel: <00000003> \B1476503744
[2009/08/25 19:35:11] 34 -- 预定频道         : 00000002 by (5801A8C0,00000000)
[2009/08/25 19:35:11] 35 -- 预定频道         : 00000001 by (5801A8C0,00000000)
[2009/08/25 19:35:11] 36 -- 预定频道         : GM <00000000> by (5801A8C0,00000000)
[2009/08/25 19:35:11] 37 -- 预定频道         : 00000003 by (5801A8C0,00000000)
[2009/08/25 19:39:17] 38 -- 刷新好友数据成功        
[2009/08/25 19:39:23] 39 -- 取消频道       : <00000002> \S1476503744
[2009/08/25 19:39:23] 40 -- 取消频道       : <00000003> \B1476503744
[2009/08/25 19:39:23] 41 -- 玩家退出     : yaosky
[2009/08/25 19:39:28] 42 -- 聊天连接关闭      : 192.168.1.88
[2009/08/25 19:39:28] 43 -- 主机连接关闭      : 192.168.1.88
[2009/08/25 19:39:28] 44 -- 帮派连接关闭      : 192.168.1.88
[2009/08/25 19:39:28] 45 -- 停止初始化     ...
[2009/08/25 19:39:28] 46 -- 停止正常线路成功       
[2009/08/25 19:39:28] 47 -- 停止聊天服务        
[2009/08/25 19:39:28] 48 -- 停止帮派服务        
[2009/08/25 19:39:28] 49 -- 停止主服务          
[2009/08/25 19:39:28] 50 -- gateway client close: 192.168.1.88
[2009/08/25 19:39:28] 51 -- 数据库客户端关闭   : 192.168.1.88
[2009/08/25 19:39:28] 52 -- 停止中转服务         
[2009/08/25 19:39:28] 53 -- 好友数据定时刷新       : 停止
[2009/08/25 19:39:28] 54 -- 保存个别角色 : yaosky
[2009/08/25 19:39:28] 55 -- 停止初始化成功 

*
***** 中转服务停止 (@ 2009/08/25 19:39:28.031) <<<<<
*

